0x0 = 0x07
0x1 = 0x18
0x2 = 0x93
0x3 = 0x08
0x4 = 0x00
0x5 = 0x00
0x6 = 0x00
0x7 = 0x00
0x8 = 0x00
0x9 = 0x54
0xA = 0x00
0xB = 0x1a
0xC = 0xd8
0xD = 0x01
0xE = 0x08
0xF = 0x00
0x10 = 0x00
0x11 = 0x00
0x12 = 0x00
0x13 = 0x00
0x14 = 0xff
0x15 = 0xff
0x16 = 0xff
0x17 = 0x00
0x18 = 0x00
0x19 = 0x00
0x1A = 0x00
0x1B = 0x00
0x1C = 0x00
0x1D = 0x00
0x1E = 0x00
0x1F = 0x00
0x20 = 0x00
0x21 = 0x00
0x22 = 0x80
0x23 = 0xf8
0x24 = 0x80
0x25 = 0x00
0x26 = 0x00
0x27 = 0x00
0x28 = 0x00
0x29 = 0x00
0x2A = 0x00
0x2B = 0xb0
0x2C = 0x00
0x2D = 0x00
0x2E = 0x00
0x2F = 0x00
0x30 = 0x12
0x31 = 0x00
0x32 = 0x00
0x33 = 0x00
0x34 = 0x00
0x35 = 0x00
0x36 = 0x00
0x37 = 0x00
0x38 = 0x00
0x39 = 0x00
0x3A = 0x00
0x3B = 0x00
0x3C = 0x00
0x3D = 0x00
0x3E = 0x00
0x3F = 0x0d
